<?xml version="1.0" encoding="UTF-8" ?>
<testsuites>
  <testsuite errors="0" failures="0" hostname="benj-Aspire-VX5-591G" id="0" name="AutoPlayerTest" package="test" skipped="0" tests="3" time="0.024" timestamp="2020-06-21T15:29:18">
      <properties>
[...]
</properties>

      <testcase classname="test.AutoPlayerTest" name="testAlignedFalse" time="0.003" />

      <testcase classname="test.AutoPlayerTest" name="testAlignedTrue" time="0.001" />

      <testcase classname="test.AutoPlayerTest" name="testInitial" time="0.0" />

      <system-out><![CDATA[]]></system-out>

      <system-err><![CDATA[]]></system-err>

  </testsuite>
  <testsuite errors="0" failures="0" hostname="benj-Aspire-VX5-591G" id="1" name="GameTest" package="test" skipped="0" tests="5" time="0.008" timestamp="2020-06-21T15:29:18">
      <properties>
[...]
</properties>

      <testcase classname="test.GameTest" name="containsTest" time="0.005" />

      <testcase classname="test.GameTest" name="alignedTest" time="0.0" />

      <testcase classname="test.GameTest" name="getOpponentPawntest" time="0.0" />

      <testcase classname="test.GameTest" name="getCurrentPawntest" time="0.0" />

      <testcase classname="test.GameTest" name="InitializeTest" time="0.0" />

      <system-out><![CDATA[]]></system-out>

      <system-err><![CDATA[]]></system-err>

  </testsuite>
  <testsuite errors="0" failures="0" hostname="benj-Aspire-VX5-591G" id="2" name="HumanPlayerTest" package="test" skipped="0" tests="3" time="0.005" timestamp="2020-06-21T15:29:18">
      <properties>
[...]
</properties>

      <testcase classname="test.HumanPlayerTest" name="testAlignedFalse" time="0.001" />

      <testcase classname="test.HumanPlayerTest" name="testInitial1" time="0.0" />

      <testcase classname="test.HumanPlayerTest" name="testAlignedTrue" time="0.0" />

      <system-out><![CDATA[]]></system-out>

      <system-err><![CDATA[]]></system-err>

  </testsuite>
  <testsuite errors="0" failures="0" hostname="benj-Aspire-VX5-591G" id="3" name="PawnTest" package="test" skipped="0" tests="7" time="0.005" timestamp="2020-06-21T15:29:18">
      <properties>
[...]
</properties>

      <testcase classname="test.PawnTest" name="testGet" time="0.001" />

      <testcase classname="test.PawnTest" name="testSet" time="0.0" />

      <testcase classname="test.PawnTest" name="testZen" time="0.0" />

      <testcase classname="test.PawnTest" name="testContains" time="0.0" />

      <testcase classname="test.PawnTest" name="testInitilial1" time="0.0" />

      <testcase classname="test.PawnTest" name="testInitilial2" time="0.001" />

      <testcase classname="test.PawnTest" name="testInitilial3" time="0.0" />

      <system-out><![CDATA[0
10
]]></system-out>

      <system-err><![CDATA[Pawn : Error - x position out of range
Pawn : Error - y position out of range
]]></system-err>

  </testsuite>
  <testsuite errors="0" failures="0" hostname="benj-Aspire-VX5-591G" id="4" name="SquareTest" package="test" skipped="0" tests="5" time="0.007" timestamp="2020-06-21T15:29:18">
      <properties>
[...]
</properties>

      <testcase classname="test.SquareTest" name="testBusy" time="0.001" />

      <testcase classname="test.SquareTest" name="testFree" time="0.0" />

      <testcase classname="test.SquareTest" name="testInitial1" time="0.0" />

      <testcase classname="test.SquareTest" name="testInitial2" time="0.0" />

      <testcase classname="test.SquareTest" name="testInitial3" time="0.001" />

      <system-out><![CDATA[]]></system-out>

      <system-err><![CDATA[Square : Error - x position out of range
Square : Error - y position out of range
]]></system-err>

  </testsuite>
</testsuites>
